<?xml version="1.0" encoding="UTF-8"?>
<testng-results skipped="0" failed="0" ignored="0" total="1" passed="1">
  <reporter-output>
  </reporter-output>
  <suite name="Default suite" duration-ms="10004" started-at="2020-05-05T04:11:18Z" finished-at="2020-05-05T04:11:28Z">
    <groups>
    </groups>
    <test name="Default test" duration-ms="10004" started-at="2020-05-05T04:11:18Z" finished-at="2020-05-05T04:11:28Z">
      <class name="com.docker.test.DemoTest">
        <test-method status="PASS" signature="Test1()[pri:0, instance:com.docker.test.DemoTest@cc285f4]" name="Test1" duration-ms="9982" started-at="2020-05-05T04:11:18Z" finished-at="2020-05-05T04:11:28Z">
          <reporter-output>
          </reporter-output>
        </test-method> <!-- Test1 -->
      </class> <!-- com.docker.test.DemoTest -->
    </test> <!-- Default test -->
  </suite> <!-- Default suite -->
</testng-results>
